<?xml version="1.0" encoding="UTF-8"?>
<testsuite xmlns:xsi="http://www.w3.org/2001/XMLSchema-instance" xsi:noNamespaceSchemaLocation="https://maven.apache.org/surefire/maven-surefire-plugin/xsd/surefire-test-report-3.0.xsd" version="3.0" name="com.votreentreprise.pos.repository.StoreRepositoryTest" time="15.159" tests="3" errors="0" skipped="0" failures="0">
  <properties>
[...]
</properties>
  <testcase name="shouldFindByName" classname="com.votreentreprise.pos.repository.StoreRepositoryTest" time="1.459">
    <system-out><![CDATA[14:04:34.347 [main] INFO org.springframework.test.context.support.AnnotationConfigContextLoaderUtils -- Could not detect default configuration classes for test class [com.votreentreprise.pos.repository.StoreRepositoryTest]: StoreRepositoryTest does not declare any static, non-private, non-final, nested classes annotated with @Configuration.
14:04:34.584 [main] INFO org.springframework.boot.test.context.SpringBootTestContextBootstrapper -- Found @SpringBootConfiguration com.votreentreprise.pos.PosApplication for test class com.votreentreprise.pos.repository.StoreRepositoryTest

  .   ____          _            __ _ _
 /\\ / ___'_ __ _ _(_)_ __  __ _ \ \ \ \
( ( )\___ | '_ | '_| | '_ \/ _` | \ \ \ \
 \\/  ___)| |_)| | | | | || (_| |  ) ) ) )
  '  |____| .__|_| |_|_| |_\__, | / / / /
 =========|_|==============|___/=/_/_/_/
 :: Spring Boot ::                (v3.2.0)

2025-08-25T14:04:35.521-04:00  INFO 9736 --- [pos-backend] [           main] c.v.pos.repository.StoreRepositoryTest   : Starting StoreRepositoryTest using Java 21.0.7 with PID 9736 (started by kenfa in C:\Users\kenfa\Documents\Projets\EdenCompta\backend)
2025-08-25T14:04:35.524-04:00  INFO 9736 --- [pos-backend] [           main] c.v.pos.repository.StoreRepositoryTest   : The following 1 profile is active: "test"
2025-08-25T14:04:36.675-04:00  INFO 9736 --- [pos-backend] [           main] .s.d.r.c.RepositoryConfigurationDelegate : Bootstrapping Spring Data JPA repositories in DEFAULT mode.
2025-08-25T14:04:36.953-04:00  INFO 9736 --- [pos-backend] [           main] .s.d.r.c.RepositoryConfigurationDelegate : Finished Spring Data repository scanning in 264 ms. Found 18 JPA repository interfaces.
2025-08-25T14:04:37.057-04:00  INFO 9736 --- [pos-backend] [           main] beddedDataSourceBeanFactoryPostProcessor : Replacing 'dataSource' DataSource bean with embedded version
2025-08-25T14:04:37.410-04:00  INFO 9736 --- [pos-backend] [           main] o.s.j.d.e.EmbeddedDatabaseFactory        : Starting embedded database: url='jdbc:h2:mem:9b194268-9457-4b76-9d1e-84970ac6aa8c;DB_CLOSE_DELAY=-1;DB_CLOSE_ON_EXIT=false', username='sa'
2025-08-25T14:04:37.860-04:00  INFO 9736 --- [pos-backend] [           main] o.hibernate.jpa.internal.util.LogHelper  : HHH000204: Processing PersistenceUnitInfo [name: default]
2025-08-25T14:04:38.007-04:00  INFO 9736 --- [pos-backend] [           main] org.hibernate.Version                    : HHH000412: Hibernate ORM core version 6.3.1.Final
2025-08-25T14:04:38.070-04:00  INFO 9736 --- [pos-backend] [           main] o.h.c.internal.RegionFactoryInitiator    : HHH000026: Second-level cache disabled
2025-08-25T14:04:38.658-04:00  INFO 9736 --- [pos-backend] [           main] o.s.o.j.p.SpringPersistenceUnitInfo      : No LoadTimeWeaver setup: ignoring JPA class transformer
2025-08-25T14:04:38.747-04:00  WARN 9736 --- [pos-backend] [           main] org.hibernate.orm.deprecation            : HHH90000025: H2Dialect does not need to be specified explicitly using 'hibernate.dialect' (remove the property setting and it will be selected by default)
2025-08-25T14:04:41.600-04:00  INFO 9736 --- [pos-backend] [           main] o.h.e.t.j.p.i.JtaPlatformInitiator       : HHH000489: No JTA platform available (set 'hibernate.transaction.jta.platform' to enable JTA platform integration)
Hibernate: drop table if exists cash_movements cascade 
Hibernate: drop table if exists cash_sessions cascade 
Hibernate: drop table if exists cogs_entries cascade 
Hibernate: drop table if exists expenses cascade 
Hibernate: drop table if exists goods_receipt_lines cascade 
Hibernate: drop table if exists goods_receipts cascade 
Hibernate: drop table if exists inventory_levels cascade 
Hibernate: drop table if exists inventory_transactions cascade 
Hibernate: drop table if exists mobile_sessions cascade 
Hibernate: drop table if exists other_sessions cascade 
Hibernate: drop table if exists payments cascade 
Hibernate: drop table if exists product_variants cascade 
Hibernate: drop table if exists products cascade 
Hibernate: drop table if exists receipt_lines cascade 
Hibernate: drop table if exists receipts cascade 
Hibernate: drop table if exists session_movements cascade 
Hibernate: drop table if exists stores cascade 
Hibernate: drop table if exists users cascade 
Hibernate: create table cash_movements (amount numeric(10,2) not null, created_at timestamp(6) not null, movement_date timestamp(6) not null, updated_at timestamp(6), id uuid not null, store_id uuid not null, reference_type varchar(50), reference varchar(100), source_offline_id varchar(100), description varchar(500), created_by varchar(255), movement_type varchar(255) not null check (movement_type in ('IN','OUT')), reason varchar(255) not null check (reason in ('SALE','REFUND','EXPENSE','DEPOSIT','WITHDRAWAL','ADJUSTMENT')), primary key (id))
Hibernate: create table cash_sessions (discrepancy numeric(38,2), initial_amount numeric(38,2), real_closing_amount numeric(38,2), total_in numeric(38,2), total_out numeric(38,2), closed_at timestamp(6), created_at timestamp(6) not null, opened_at timestamp(6) not null, updated_at timestamp(6), id uuid not null, store_id uuid not null, created_by varchar(255), note TEXT, status varchar(255) not null check (status in ('OPEN','CLOSED')), user_id varchar(255) not null, primary key (id))
Hibernate: create table cogs_entries (quantity_sold numeric(38,2), total_cogs numeric(38,2), unit_cost numeric(38,2), created_at timestamp(6) not null, updated_at timestamp(6), id uuid not null, receipt_line_id uuid not null, store_id uuid not null, variant_id uuid not null, created_by varchar(255), primary key (id))
Hibernate: create table expenses (amount numeric(10,2) not null, approved_at timestamp(6), created_at timestamp(6) not null, expense_date timestamp(6) not null, updated_at timestamp(6), id uuid not null, store_id uuid not null, status varchar(20) not null check (status in ('PENDING','APPROVED','REJECTED','CANCELLED')), payment_method varchar(50) not null, approved_by varchar(100), reference varchar(100), description varchar(500) not null, notes varchar(1000), category varchar(255) not null check (category in ('SUPPLIES','UTILITIES','RENT','MAINTENANCE','MARKETING','TRAVEL','MEALS','EQUIPMENT','INSURANCE','LEGAL','ACCOUNTING','SOFTWARE','SUBSCRIPTIONS','REPAIRS','CLEANING','SECURITY','OTHER')), created_by varchar(255), primary key (id))
Hibernate: create table goods_receipt_lines (expiry_date date, line_number integer not null, line_total numeric(38,2), quantity_received numeric(38,2), unit_cost_effective numeric(38,2), created_at timestamp(6) not null, updated_at timestamp(6), id uuid not null, receipt_id uuid not null, variant_id uuid not null, batch_number varchar(255), created_by varchar(255), notes TEXT, primary key (id), unique (receipt_id, line_number))
Hibernate: create table goods_receipts (total_cost numeric(38,2), created_at timestamp(6) not null, received_at timestamp(6) not null, updated_at timestamp(6), id uuid not null, store_id uuid not null, created_by varchar(255), notes TEXT, reference varchar(255), source_offline_id varchar(255), status varchar(255) not null check (status in ('DRAFT','RECEIVED','CANCELLED')), supplier_name varchar(255), supplier_reference varchar(255), primary key (id))
Hibernate: create table inventory_levels (average_cost numeric(38,2), quantity_on_hand numeric(38,2), created_at timestamp(6) not null, last_updated timestamp(6) not null, updated_at timestamp(6), id uuid not null, store_id uuid not null, variant_id uuid not null, created_by varchar(255), primary key (id), unique (store_id, variant_id))
Hibernate: create table inventory_transactions (quantity numeric(38,2), unit_cost numeric(38,2), created_at timestamp(6) not null, occurred_at timestamp(6) not null, updated_at timestamp(6), id uuid not null, store_id uuid not null, variant_id uuid not null, created_by varchar(255), notes TEXT, reference_id varchar(255), reference_type varchar(255), source_offline_id varchar(255), transaction_type varchar(255) not null check (transaction_type in ('SALE','REFUND','PURCHASE','ADJUSTMENT','WASTE')), primary key (id))
Hibernate: create table mobile_sessions (discrepancy numeric(38,2), initial_amount numeric(38,2), real_closing_amount numeric(38,2), total_in numeric(38,2), total_out numeric(38,2), closed_at timestamp(6), created_at timestamp(6) not null, opened_at timestamp(6) not null, updated_at timestamp(6), id uuid not null, store_id uuid not null, created_by varchar(255), note TEXT, status varchar(255) not null check (status in ('OPEN','CLOSED')), user_id varchar(255) not null, primary key (id))
Hibernate: create table other_sessions (discrepancy numeric(38,2), initial_amount numeric(38,2), real_closing_amount numeric(38,2), total_in numeric(38,2), total_out numeric(38,2), closed_at timestamp(6), created_at timestamp(6) not null, opened_at timestamp(6) not null, updated_at timestamp(6), id uuid not null, store_id uuid not null, created_by varchar(255), note TEXT, status varchar(255) not null check (status in ('OPEN','CLOSED')), user_id varchar(255) not null, primary key (id))
Hibernate: create table payments (amount numeric(38,2), created_at timestamp(6) not null, updated_at timestamp(6), id uuid not null, receipt_id uuid not null, created_by varchar(255), payment_method varchar(255) not null check (payment_method in ('CASH','CARD','MOBILE','OTHER')), reference varchar(255), primary key (id))
Hibernate: create table product_variants (is_active boolean not null, created_at timestamp(6) not null, updated_at timestamp(6), id uuid not null, product_id uuid not null, barcode varchar(255), created_by varchar(255), name varchar(255) not null, sku varchar(255) unique, primary key (id))
Hibernate: create table products (is_active boolean not null, created_at timestamp(6) not null, updated_at timestamp(6), id uuid not null, store_id uuid not null, category varchar(255), created_by varchar(255), description TEXT, name varchar(255) not null, primary key (id))
Hibernate: create table receipt_lines (line_number integer not null, line_total numeric(38,2), quantity numeric(38,2), unit_cost numeric(38,2), unit_price numeric(38,2), created_at timestamp(6) not null, updated_at timestamp(6), id uuid not null, receipt_id uuid not null, variant_id uuid not null, created_by varchar(255), primary key (id))
Hibernate: create table receipts (subtotal numeric(38,2), tax_amount numeric(38,2), total_amount numeric(38,2), created_at timestamp(6) not null, finalized_at timestamp(6), updated_at timestamp(6), id uuid not null, store_id uuid not null, created_by varchar(255), customer_name varchar(255), notes TEXT, receipt_number varchar(255) not null, source_offline_id varchar(255), status varchar(255) not null check (status in ('DRAFT','FINALIZED','CANCELLED')), primary key (id))
Hibernate: create table session_movements (amount numeric(38,2), created_at timestamp(6) not null, occurred_at timestamp(6) not null, updated_at timestamp(6), cash_session_id uuid, id uuid not null, mobile_session_id uuid, other_session_id uuid, created_by varchar(255), description TEXT, reason varchar(255) not null check (reason in ('SALE','REFUND','EXPENSE','DEPOSIT','WITHDRAWAL','ADJUSTMENT')), reference varchar(255), reference_type varchar(255), session_id varchar(255) not null, session_type varchar(255) not null, source_offline_id varchar(255), type varchar(255) not null check (type in ('IN','OUT')), primary key (id))
Hibernate: create table stores (created_at timestamp(6) not null, updated_at timestamp(6), id uuid not null, address varchar(255), created_by varchar(255), name varchar(255) not null, phone varchar(255), primary key (id))
Hibernate: create table users (failed_login_attempts integer, account_locked_until timestamp(6), created_at timestamp(6) not null, last_login timestamp(6), password_changed_at timestamp(6), updated_at timestamp(6), id uuid not null, store_id uuid, phone varchar(20), role varchar(20) not null check (role in ('SUPER_ADMIN','ADMIN','MANAGER','CASHIER','STOCK_MANAGER','ACCOUNTANT','VIEWER')), status varchar(20) not null check (status in ('ACTIVE','INACTIVE','SUSPENDED','LOCKED','PENDING_ACTIVATION','EXPIRED')), first_name varchar(50) not null, last_name varchar(50) not null, username varchar(50) not null unique, email varchar(100) not null unique, created_by varchar(255), password_hash varchar(255) not null, primary key (id))
Hibernate: alter table if exists cash_movements add constraint FK8qefbhhq55gbmjpv9ngokbb5b foreign key (store_id) references stores
Hibernate: alter table if exists cash_sessions add constraint FKjdndj0isvlg8mwnats1c04hg8 foreign key (store_id) references stores
Hibernate: alter table if exists cogs_entries add constraint FKefas27ugysxx8dlhlyihtei0l foreign key (receipt_line_id) references receipt_lines
Hibernate: alter table if exists cogs_entries add constraint FKnqqh2ju20ha8jgnndqax07ft foreign key (store_id) references stores
Hibernate: alter table if exists cogs_entries add constraint FKlap0hume6jc79iubrj1k9dyu3 foreign key (variant_id) references product_variants
Hibernate: alter table if exists expenses add constraint FK579iih66hitxicsut51oa9iwu foreign key (store_id) references stores
Hibernate: alter table if exists goods_receipt_lines add constraint FKs1kmnj7m2goma9foyhui1uapi foreign key (receipt_id) references goods_receipts
Hibernate: alter table if exists goods_receipt_lines add constraint FKc8demrvjicm3pv299b8a3ylxp foreign key (variant_id) references product_variants
Hibernate: alter table if exists goods_receipts add constraint FKaf0s3qvdaiqrd082w43hs9ioo foreign key (store_id) references stores
Hibernate: alter table if exists inventory_levels add constraint FKdy6bk1kwth1fp6rnk2ff1xbkc foreign key (store_id) references stores
Hibernate: alter table if exists inventory_levels add constraint FKcqj7w9i7gb644idgofhjk6odg foreign key (variant_id) references product_variants
Hibernate: alter table if exists inventory_transactions add constraint FK97pxe4mg2twa10uunk6c0l34e foreign key (store_id) references stores
Hibernate: alter table if exists inventory_transactions add constraint FKw2ymau4bkb32bmypse7kgw70 foreign key (variant_id) references product_variants
Hibernate: alter table if exists mobile_sessions add constraint FK5g6dd5n26rfwbk6q9hxflkh0l foreign key (store_id) references stores
Hibernate: alter table if exists other_sessions add constraint FKh8qivt19scg5qv3nywmixwgak foreign key (store_id) references stores
Hibernate: alter table if exists payments add constraint FKebtoag8s58e26bjtj0460ues9 foreign key (receipt_id) references receipts
Hibernate: alter table if exists product_variants add constraint FKosqitn4s405cynmhb87lkvuau foreign key (product_id) references products
Hibernate: alter table if exists products add constraint FKgcyffheofvmy2x5l78xam63mc foreign key (store_id) references stores
Hibernate: alter table if exists receipt_lines add constraint FK72205pbvxcrayl5ect6pa7lix foreign key (receipt_id) references receipts
Hibernate: alter table if exists receipt_lines add constraint FKh6usdau4q2q6vot8w0ln0lsoh foreign key (variant_id) references product_variants
Hibernate: alter table if exists receipts add constraint FKdkwn2g2uxkyqvbg1mid7h4aix foreign key (store_id) references stores
Hibernate: alter table if exists session_movements add constraint FKfbu0rijb2hhkk1cxk0e8e2hj7 foreign key (cash_session_id) references cash_sessions
Hibernate: alter table if exists session_movements add constraint FKb92d87xaysa2qaov1vbms19ti foreign key (mobile_session_id) references mobile_sessions
Hibernate: alter table if exists session_movements add constraint FKdaml606rpmko1mrvecal0k178 foreign key (other_session_id) references other_sessions
Hibernate: alter table if exists users add constraint FK7wra86jadsraitoewujbjj1pd foreign key (store_id) references stores
2025-08-25T14:04:41.864-04:00  INFO 9736 --- [pos-backend] [           main] j.LocalContainerEntityManagerFactoryBean : Initialized JPA EntityManagerFactory for persistence unit 'default'
2025-08-25T14:04:43.171-04:00  INFO 9736 --- [pos-backend] [           main] o.s.d.j.r.query.QueryEnhancerFactory     : Hibernate is in classpath; If applicable, HQL parser will be used.
2025-08-25T14:04:47.614-04:00  INFO 9736 --- [pos-backend] [           main] c.v.pos.repository.StoreRepositoryTest   : Started StoreRepositoryTest in 12.9 seconds (process running for 14.558)
Hibernate: select s1_0.id,s1_0.address,s1_0.created_at,s1_0.created_by,s1_0.name,s1_0.phone,s1_0.updated_at from stores s1_0 where s1_0.id=?
Hibernate: update stores set address=?,created_by=?,name=?,phone=?,updated_at=? where id=?
Hibernate: select s1_0.id,s1_0.address,s1_0.created_at,s1_0.created_by,s1_0.name,s1_0.phone,s1_0.updated_at from stores s1_0 where s1_0.name=?
]]></system-out>
    <system-err><![CDATA[WARNING: A Java agent has been loaded dynamically (C:\Users\kenfa\.m2\repository\net\bytebuddy\byte-buddy-agent\1.14.10\byte-buddy-agent-1.14.10.jar)
WARNING: If a serviceability tool is in use, please run with -XX:+EnableDynamicAgentLoading to hide this warning
WARNING: If a serviceability tool is not in use, please run with -Djdk.instrument.traceUsage for more information
WARNING: Dynamic loading of agents will be disallowed by default in a future release
]]></system-err>
  </testcase>
  <testcase name="shouldSaveAndFindStore" classname="com.votreentreprise.pos.repository.StoreRepositoryTest" time="0.033">
    <system-out><![CDATA[Hibernate: select s1_0.id,s1_0.address,s1_0.created_at,s1_0.created_by,s1_0.name,s1_0.phone,s1_0.updated_at from stores s1_0 where s1_0.id=?
]]></system-out>
  </testcase>
  <testcase name="shouldCheckExistsByName" classname="com.votreentreprise.pos.repository.StoreRepositoryTest" time="0.051">
    <system-out><![CDATA[Hibernate: select s1_0.id,s1_0.address,s1_0.created_at,s1_0.created_by,s1_0.name,s1_0.phone,s1_0.updated_at from stores s1_0 where s1_0.id=?
Hibernate: update stores set address=?,created_by=?,name=?,phone=?,updated_at=? where id=?
Hibernate: select s1_0.id from stores s1_0 where s1_0.name=? fetch first ? rows only
Hibernate: select s1_0.id from stores s1_0 where s1_0.name=? fetch first ? rows only
]]></system-out>
  </testcase>
</testsuite>