-------------------------------------------------------------------------------
Test set: com.votreentreprise.pos.PosApplicationTests
-------------------------------------------------------------------------------
Tests run: 2, Failures: 1, Errors: 0, Skipped: 0, Time elapsed: 19.73 s <<< FAILURE! -- in com.votreentreprise.pos.PosApplicationTests
com.votreentreprise.pos.PosApplicationTests.shouldLoadTestData -- Time elapsed: 0.206 s <<< FAILURE!
java.lang.AssertionError: 

Expecting actual:
  0L
to be greater than:
  0L

	at com.votreentreprise.pos.PosApplicationTests.shouldLoadTestData(PosApplicationTests.java:57)
	at java.base/java.lang.reflect.Method.invoke(Method.java:580)
	at java.base/java.util.ArrayList.forEach(ArrayList.java:1596)
	at java.base/java.util.ArrayList.forEach(ArrayList.java:1596)

