<?xml version="1.0" encoding="UTF-8"?>
<testsuite xmlns:xsi="http://www.w3.org/2001/XMLSchema-instance" xsi:noNamespaceSchemaLocation="https://maven.apache.org/surefire/maven-surefire-plugin/xsd/surefire-test-report-3.0.xsd" version="3.0" name="com.votreentreprise.pos.web.ReceivingControllerTest" time="11.378" tests="7" errors="0" skipped="0" failures="0">
  <properties>
[...]
</properties>
  <testcase name="shouldUpdateLine" classname="com.votreentreprise.pos.web.ReceivingControllerTest" time="1.037">
    <system-out><![CDATA[2025-08-21T14:48:05.527-04:00  INFO 6916 --- [pos-backend] [           main] t.c.s.AnnotationConfigContextLoaderUtils : Could not detect default configuration classes for test class [com.votreentreprise.pos.web.ReceivingControllerTest]: ReceivingControllerTest does not declare any static, non-private, non-final, nested classes annotated with @Configuration.
2025-08-21T14:48:05.843-04:00  INFO 6916 --- [pos-backend] [           main] .b.t.c.SpringBootTestContextBootstrapper : Found @SpringBootConfiguration com.votreentreprise.pos.PosApplication for test class com.votreentreprise.pos.web.ReceivingControllerTest

  .   ____          _            __ _ _
 /\\ / ___'_ __ _ _(_)_ __  __ _ \ \ \ \
( ( )\___ | '_ | '_| | '_ \/ _` | \ \ \ \
 \\/  ___)| |_)| | | | | || (_| |  ) ) ) )
  '  |____| .__|_| |_|_| |_\__, | / / / /
 =========|_|==============|___/=/_/_/_/
 :: Spring Boot ::                (v3.2.0)

2025-08-21T14:48:06.581-04:00  INFO 6916 --- [pos-backend] [           main] c.v.pos.web.ReceivingControllerTest      : Starting ReceivingControllerTest using Java 21.0.7 with PID 6916 (started by kenfa in C:\Users\kenfa\Documents\Projets\Comptab)
2025-08-21T14:48:06.581-04:00 DEBUG 6916 --- [pos-backend] [           main] c.v.pos.web.ReceivingControllerTest      : Running with Spring Boot v3.2.0, Spring v6.1.1
2025-08-21T14:48:06.582-04:00  INFO 6916 --- [pos-backend] [           main] c.v.pos.web.ReceivingControllerTest      : The following 1 profile is active: "test"
2025-08-21T14:48:06.693-04:00 DEBUG 6916 --- [pos-backend] [           main] o.s.w.c.s.GenericWebApplicationContext   : Refreshing org.springframework.web.context.support.GenericWebApplicationContext@7c80c68f
2025-08-21T14:48:09.019-04:00  INFO 6916 --- [pos-backend] [           main] .s.d.r.c.RepositoryConfigurationDelegate : Bootstrapping Spring Data JPA repositories in DEFAULT mode.
2025-08-21T14:48:09.189-04:00  INFO 6916 --- [pos-backend] [           main] .s.d.r.c.RepositoryConfigurationDelegate : Finished Spring Data repository scanning in 164 ms. Found 7 JPA repository interfaces.
2025-08-21T14:48:09.846-04:00  INFO 6916 --- [pos-backend] [           main] o.hibernate.jpa.internal.util.LogHelper  : HHH000204: Processing PersistenceUnitInfo [name: default]
2025-08-21T14:48:09.892-04:00  INFO 6916 --- [pos-backend] [           main] o.h.c.internal.RegionFactoryInitiator    : HHH000026: Second-level cache disabled
2025-08-21T14:48:09.911-04:00  INFO 6916 --- [pos-backend] [           main] o.s.o.j.p.SpringPersistenceUnitInfo      : No LoadTimeWeaver setup: ignoring JPA class transformer
2025-08-21T14:48:09.913-04:00  INFO 6916 --- [pos-backend] [           main] com.zaxxer.hikari.HikariDataSource       : HikariPool-2 - Starting...
2025-08-21T14:48:09.920-04:00  INFO 6916 --- [pos-backend] [           main] com.zaxxer.hikari.pool.HikariPool        : HikariPool-2 - Added connection conn22: url=jdbc:h2:mem:testdb user=SA
2025-08-21T14:48:09.921-04:00  INFO 6916 --- [pos-backend] [           main] com.zaxxer.hikari.HikariDataSource       : HikariPool-2 - Start completed.
2025-08-21T14:48:09.923-04:00  WARN 6916 --- [pos-backend] [           main] org.hibernate.orm.deprecation            : HHH90000025: H2Dialect does not need to be specified explicitly using 'hibernate.dialect' (remove the property setting and it will be selected by default)
2025-08-21T14:48:10.785-04:00  INFO 6916 --- [pos-backend] [           main] o.h.e.t.j.p.i.JtaPlatformInitiator       : HHH000489: No JTA platform available (set 'hibernate.transaction.jta.platform' to enable JTA platform integration)
Hibernate: 
    drop table if exists goods_receipt_lines cascade 
Hibernate: 
    drop table if exists goods_receipts cascade 
Hibernate: 
    drop table if exists inventory_levels cascade 
Hibernate: 
    drop table if exists inventory_transactions cascade 
Hibernate: 
    drop table if exists product_variants cascade 
Hibernate: 
    drop table if exists products cascade 
Hibernate: 
    drop table if exists stores cascade 
Hibernate: 
    create table goods_receipt_lines (
        expiry_date date,
        line_number integer not null,
        line_total numeric(38,2),
        quantity_received numeric(38,2),
        unit_cost_effective numeric(38,2),
        created_at timestamp(6) not null,
        updated_at timestamp(6),
        id uuid not null,
        receipt_id uuid not null,
        variant_id uuid not null,
        batch_number varchar(255),
        notes TEXT,
        primary key (id),
        unique (receipt_id, line_number)
    )
Hibernate: 
    create table goods_receipts (
        total_cost numeric(38,2),
        created_at timestamp(6) not null,
        received_at timestamp(6) not null,
        updated_at timestamp(6),
        id uuid not null,
        store_id uuid not null,
        created_by varchar(255),
        notes TEXT,
        reference varchar(255),
        source_offline_id varchar(255),
        status varchar(255) not null check (status in ('DRAFT','RECEIVED','CANCELLED')),
        supplier_name varchar(255),
        supplier_reference varchar(255),
        primary key (id)
    )
Hibernate: 
    create table inventory_levels (
        average_cost numeric(38,2),
        quantity_on_hand numeric(38,2),
        created_at timestamp(6) not null,
        last_updated timestamp(6) not null,
        updated_at timestamp(6),
        id uuid not null,
        store_id uuid not null,
        variant_id uuid not null,
        primary key (id),
        unique (store_id, variant_id)
    )
Hibernate: 
    create table inventory_transactions (
        quantity numeric(38,2),
        unit_cost numeric(38,2),
        created_at timestamp(6) not null,
        occurred_at timestamp(6) not null,
        updated_at timestamp(6),
        id uuid not null,
        store_id uuid not null,
        variant_id uuid not null,
        created_by varchar(255),
        notes TEXT,
        reference_id varchar(255),
        reference_type varchar(255),
        source_offline_id varchar(255),
        transaction_type varchar(255) not null check (transaction_type in ('SALE','REFUND','PURCHASE','ADJUSTMENT','WASTE')),
        primary key (id)
    )
Hibernate: 
    create table product_variants (
        is_active boolean not null,
        created_at timestamp(6) not null,
        updated_at timestamp(6),
        id uuid not null,
        product_id uuid not null,
        barcode varchar(255),
        name varchar(255) not null,
        sku varchar(255) unique,
        primary key (id)
    )
Hibernate: 
    create table products (
        is_active boolean not null,
        created_at timestamp(6) not null,
        updated_at timestamp(6),
        id uuid not null,
        store_id uuid not null,
        category varchar(255),
        description TEXT,
        name varchar(255) not null,
        primary key (id)
    )
Hibernate: 
    create table stores (
        created_at timestamp(6) not null,
        updated_at timestamp(6),
        id uuid not null,
        address varchar(255),
        name varchar(255) not null,
        phone varchar(255),
        primary key (id)
    )
Hibernate: 
    alter table if exists goods_receipt_lines 
       add constraint FKs1kmnj7m2goma9foyhui1uapi 
       foreign key (receipt_id) 
       references goods_receipts
Hibernate: 
    alter table if exists goods_receipt_lines 
       add constraint FKc8demrvjicm3pv299b8a3ylxp 
       foreign key (variant_id) 
       references product_variants
Hibernate: 
    alter table if exists goods_receipts 
       add constraint FKaf0s3qvdaiqrd082w43hs9ioo 
       foreign key (store_id) 
       references stores
Hibernate: 
    alter table if exists inventory_levels 
       add constraint FKdy6bk1kwth1fp6rnk2ff1xbkc 
       foreign key (store_id) 
       references stores
Hibernate: 
    alter table if exists inventory_levels 
       add constraint FKcqj7w9i7gb644idgofhjk6odg 
       foreign key (variant_id) 
       references product_variants
Hibernate: 
    alter table if exists inventory_transactions 
       add constraint FK97pxe4mg2twa10uunk6c0l34e 
       foreign key (store_id) 
       references stores
Hibernate: 
    alter table if exists inventory_transactions 
       add constraint FKw2ymau4bkb32bmypse7kgw70 
       foreign key (variant_id) 
       references product_variants
Hibernate: 
    alter table if exists product_variants 
       add constraint FKosqitn4s405cynmhb87lkvuau 
       foreign key (product_id) 
       references products
Hibernate: 
    alter table if exists products 
       add constraint FKgcyffheofvmy2x5l78xam63mc 
       foreign key (store_id) 
       references stores
2025-08-21T14:48:10.978-04:00  INFO 6916 --- [pos-backend] [           main] j.LocalContainerEntityManagerFactoryBean : Initialized JPA EntityManagerFactory for persistence unit 'default'
2025-08-21T14:48:12.793-04:00  WARN 6916 --- [pos-backend] [           main] JpaBaseConfiguration$JpaWebConfiguration : spring.jpa.open-in-view is enabled by default. Therefore, database queries may be performed during view rendering. Explicitly configure spring.jpa.open-in-view to disable this warning
2025-08-21T14:48:12.809-04:00  WARN 6916 --- [pos-backend] [           main] .s.s.UserDetailsServiceAutoConfiguration : 

Using generated security password: 4175fcbf-aac8-4058-a18e-532248086644

This generated password is for development use only. Your security configuration must be updated before running your application in production.

2025-08-21T14:48:12.964-04:00 DEBUG 6916 --- [pos-backend] [           main] s.w.s.m.m.a.RequestMappingHandlerMapping : 10 mappings in 'requestMappingHandlerMapping'
2025-08-21T14:48:13.112-04:00 DEBUG 6916 --- [pos-backend] [           main] o.s.w.s.handler.SimpleUrlHandlerMapping  : Patterns [/webjars/**, /**] in 'resourceHandlerMapping'
2025-08-21T14:48:13.135-04:00  INFO 6916 --- [pos-backend] [           main] o.s.s.web.DefaultSecurityFilterChain     : Will secure any request with [org.springframework.security.web.session.DisableEncodeUrlFilter@78a7a3ca, org.springframework.security.web.context.request.async.WebAsyncManagerIntegrationFilter@5a9488eb, org.springframework.security.web.context.SecurityContextHolderFilter@50659a9a, org.springframework.security.web.header.HeaderWriterFilter@5dc38bc, org.springframework.web.filter.CorsFilter@b1284fa, org.springframework.security.web.authentication.logout.LogoutFilter@4c6e3c25, org.springframework.security.web.authentication.www.BasicAuthenticationFilter@45153059, org.springframework.security.web.savedrequest.RequestCacheAwareFilter@3bd710f8, org.springframework.security.web.servletapi.SecurityContextHolderAwareRequestFilter@545e1a0e, org.springframework.security.web.authentication.AnonymousAuthenticationFilter@6769ea39, org.springframework.security.web.access.ExceptionTranslationFilter@5fd4377, org.springframework.security.web.access.intercept.AuthorizationFilter@6b975803]
2025-08-21T14:48:13.633-04:00 DEBUG 6916 --- [pos-backend] [           main] s.w.s.m.m.a.RequestMappingHandlerAdapter : ControllerAdvice beans: 0 @ModelAttribute, 0 @InitBinder, 1 RequestBodyAdvice, 1 ResponseBodyAdvice
2025-08-21T14:48:13.642-04:00 DEBUG 6916 --- [pos-backend] [           main] .m.m.a.ExceptionHandlerExceptionResolver : ControllerAdvice beans: 1 @ExceptionHandler, 1 ResponseBodyAdvice
2025-08-21T14:48:14.565-04:00  INFO 6916 --- [pos-backend] [           main] o.s.b.t.m.w.SpringBootMockServletContext : Initializing Spring TestDispatcherServlet ''
2025-08-21T14:48:14.565-04:00  INFO 6916 --- [pos-backend] [           main] o.s.t.web.servlet.TestDispatcherServlet  : Initializing Servlet ''
2025-08-21T14:48:14.569-04:00  INFO 6916 --- [pos-backend] [           main] o.s.t.web.servlet.TestDispatcherServlet  : Completed initialization in 3 ms
2025-08-21T14:48:14.662-04:00  INFO 6916 --- [pos-backend] [           main] c.v.pos.web.ReceivingControllerTest      : Started ReceivingControllerTest in 8.809 seconds (process running for 43.267)
2025-08-21T14:48:14.740-04:00 DEBUG 6916 --- [pos-backend] [           main] c.v.p.r.service.ReceivingServiceImpl     : Création d'une réception pour le magasin 550e8400-e29b-41d4-a716-446655440000 par admin
Hibernate: 
    select
        s1_0.id,
        s1_0.address,
        s1_0.created_at,
        s1_0.name,
        s1_0.phone,
        s1_0.updated_at 
    from
        stores s1_0 
    where
        s1_0.id=?
2025-08-21T14:48:14.809-04:00 DEBUG 6916 --- [pos-backend] [           main] c.v.p.r.service.ReceivingServiceImpl     : Ajout d'une ligne à la réception 0743b4a2-2c17-4c0a-ab8a-1cf066142d0b pour la variante 550e8400-e29b-41d4-a716-446655440010
Hibernate: 
    select
        pv1_0.id,
        pv1_0.barcode,
        pv1_0.created_at,
        pv1_0.is_active,
        pv1_0.name,
        pv1_0.product_id,
        pv1_0.sku,
        pv1_0.updated_at 
    from
        product_variants pv1_0 
    where
        pv1_0.id=?
2025-08-21T14:48:14.847-04:00 DEBUG 6916 --- [pos-backend] [           main] c.v.p.r.service.ReceivingServiceImpl     : Ligne ajoutée avec succès: c23974db-3b65-44b3-97fe-91477c5f3fe8
2025-08-21T14:48:15.111-04:00 DEBUG 6916 --- [pos-backend] [           main] s.w.s.m.m.a.RequestMappingHandlerMapping : Mapped to com.votreentreprise.pos.receiving.web.ReceivingController#updateLine(UUID, BigDecimal, BigDecimal, String)
2025-08-21T14:48:15.226-04:00 DEBUG 6916 --- [pos-backend] [           main] c.v.p.receiving.web.ReceivingController  : Mise à jour ligne - ID: c23974db-3b65-44b3-97fe-91477c5f3fe8, qty: 15.0, cost: 6.00
2025-08-21T14:48:15.234-04:00 DEBUG 6916 --- [pos-backend] [           main] c.v.p.r.service.ReceivingServiceImpl     : Mise à jour de la ligne c23974db-3b65-44b3-97fe-91477c5f3fe8
2025-08-21T14:48:15.238-04:00 DEBUG 6916 --- [pos-backend] [           main] c.v.p.r.service.ReceivingServiceImpl     : Ligne mise à jour avec succès: c23974db-3b65-44b3-97fe-91477c5f3fe8
2025-08-21T14:48:15.383-04:00 DEBUG 6916 --- [pos-backend] [           main] o.s.w.s.m.m.a.HttpEntityMethodProcessor  : Using 'application/json', given [*/*] and supported [application/json, application/*+json]
2025-08-21T14:48:15.389-04:00 DEBUG 6916 --- [pos-backend] [           main] o.s.w.s.m.m.a.HttpEntityMethodProcessor  : Writing [com.votreentreprise.pos.receiving.web.dto.GoodsReceiptLineDto@4f0e935d]
]]></system-out>
  </testcase>
  <testcase name="shouldAddLineToReceipt" classname="com.votreentreprise.pos.web.ReceivingControllerTest" time="0.134">
    <system-out><![CDATA[2025-08-21T14:48:15.758-04:00 DEBUG 6916 --- [pos-backend] [           main] c.v.p.r.service.ReceivingServiceImpl     : Création d'une réception pour le magasin 550e8400-e29b-41d4-a716-446655440000 par admin
Hibernate: 
    select
        s1_0.id,
        s1_0.address,
        s1_0.created_at,
        s1_0.name,
        s1_0.phone,
        s1_0.updated_at 
    from
        stores s1_0 
    where
        s1_0.id=?
2025-08-21T14:48:15.775-04:00 DEBUG 6916 --- [pos-backend] [           main] s.w.s.m.m.a.RequestMappingHandlerMapping : Mapped to com.votreentreprise.pos.receiving.web.ReceivingController#addLine(UUID, UUID, BigDecimal, BigDecimal, String, String)
2025-08-21T14:48:15.796-04:00 DEBUG 6916 --- [pos-backend] [           main] c.v.p.receiving.web.ReceivingController  : Ajout ligne - receipt: 2eaba31c-170a-4c3d-b743-fad0f7e5cf5f, variant: 550e8400-e29b-41d4-a716-446655440010, qty: 10.0
2025-08-21T14:48:15.796-04:00 DEBUG 6916 --- [pos-backend] [           main] c.v.p.r.service.ReceivingServiceImpl     : Ajout d'une ligne à la réception 2eaba31c-170a-4c3d-b743-fad0f7e5cf5f pour la variante 550e8400-e29b-41d4-a716-446655440010
Hibernate: 
    select
        pv1_0.id,
        pv1_0.barcode,
        pv1_0.created_at,
        pv1_0.is_active,
        pv1_0.name,
        pv1_0.product_id,
        pv1_0.sku,
        pv1_0.updated_at 
    from
        product_variants pv1_0 
    where
        pv1_0.id=?
2025-08-21T14:48:15.804-04:00 DEBUG 6916 --- [pos-backend] [           main] c.v.p.r.service.ReceivingServiceImpl     : Ligne ajoutée avec succès: ca03e922-5fcb-4e2a-b7cc-3732c6bc63dc
2025-08-21T14:48:15.804-04:00 DEBUG 6916 --- [pos-backend] [           main] o.s.w.s.m.m.a.HttpEntityMethodProcessor  : Using 'application/json', given [*/*] and supported [application/json, application/*+json]
2025-08-21T14:48:15.824-04:00 DEBUG 6916 --- [pos-backend] [           main] o.s.w.s.m.m.a.HttpEntityMethodProcessor  : Writing [com.votreentreprise.pos.receiving.web.dto.GoodsReceiptLineDto@5620fac7]
]]></system-out>
  </testcase>
  <testcase name="shouldGetReceiptsList" classname="com.votreentreprise.pos.web.ReceivingControllerTest" time="0.13">
    <system-out><![CDATA[2025-08-21T14:48:15.896-04:00 DEBUG 6916 --- [pos-backend] [           main] c.v.p.r.service.ReceivingServiceImpl     : Création d'une réception pour le magasin 550e8400-e29b-41d4-a716-446655440000 par admin
Hibernate: 
    select
        s1_0.id,
        s1_0.address,
        s1_0.created_at,
        s1_0.name,
        s1_0.phone,
        s1_0.updated_at 
    from
        stores s1_0 
    where
        s1_0.id=?
2025-08-21T14:48:15.905-04:00 DEBUG 6916 --- [pos-backend] [           main] c.v.p.r.service.ReceivingServiceImpl     : Création d'une réception pour le magasin 550e8400-e29b-41d4-a716-446655440000 par admin
2025-08-21T14:48:15.908-04:00 DEBUG 6916 --- [pos-backend] [           main] s.w.s.m.m.a.RequestMappingHandlerMapping : Mapped to com.votreentreprise.pos.receiving.web.ReceivingController#getReceipts(UUID, LocalDateTime, LocalDateTime, ReceiptStatusType)
Hibernate: 
    insert 
    into
        goods_receipts
        (created_at, created_by, notes, received_at, reference, source_offline_id, status, store_id, supplier_name, supplier_reference, total_cost, updated_at, id) 
    values
        (?, ?, ?, ?, ?, ?, ?, ?, ?, ?, ?, ?, ?)
Hibernate: 
    insert 
    into
        goods_receipts
        (created_at, created_by, notes, received_at, reference, source_offline_id, status, store_id, supplier_name, supplier_reference, total_cost, updated_at, id) 
    values
        (?, ?, ?, ?, ?, ?, ?, ?, ?, ?, ?, ?, ?)
Hibernate: 
    select
        gr1_0.id,
        gr1_0.created_at,
        gr1_0.created_by,
        gr1_0.notes,
        gr1_0.received_at,
        gr1_0.reference,
        gr1_0.source_offline_id,
        gr1_0.status,
        gr1_0.store_id,
        gr1_0.supplier_name,
        gr1_0.supplier_reference,
        gr1_0.total_cost,
        gr1_0.updated_at 
    from
        goods_receipts gr1_0 
    where
        gr1_0.store_id=? 
        and gr1_0.received_at>=? 
        and gr1_0.received_at<=? 
        and (
            ? is null 
            or gr1_0.status=?
        )
2025-08-21T14:48:15.960-04:00 DEBUG 6916 --- [pos-backend] [           main] o.s.w.s.m.m.a.HttpEntityMethodProcessor  : Using 'application/json', given [*/*] and supported [application/json, application/*+json]
2025-08-21T14:48:15.961-04:00 DEBUG 6916 --- [pos-backend] [           main] o.s.w.s.m.m.a.HttpEntityMethodProcessor  : Writing [[com.votreentreprise.pos.receiving.web.dto.GoodsReceiptDto@7bf344dd, com.votreentreprise.pos.receivi (truncated)...]
]]></system-out>
  </testcase>
  <testcase name="shouldFinalizeReceipt" classname="com.votreentreprise.pos.web.ReceivingControllerTest" time="0.389">
    <system-out><![CDATA[2025-08-21T14:48:16.027-04:00 DEBUG 6916 --- [pos-backend] [           main] c.v.p.r.service.ReceivingServiceImpl     : Création d'une réception pour le magasin 550e8400-e29b-41d4-a716-446655440000 par admin
Hibernate: 
    select
        s1_0.id,
        s1_0.address,
        s1_0.created_at,
        s1_0.name,
        s1_0.phone,
        s1_0.updated_at 
    from
        stores s1_0 
    where
        s1_0.id=?
2025-08-21T14:48:16.042-04:00 DEBUG 6916 --- [pos-backend] [           main] c.v.p.r.service.ReceivingServiceImpl     : Ajout d'une ligne à la réception f51e5ecc-b903-49a0-ac8a-02fdc29f303f pour la variante 550e8400-e29b-41d4-a716-446655440010
Hibernate: 
    select
        pv1_0.id,
        pv1_0.barcode,
        pv1_0.created_at,
        pv1_0.is_active,
        pv1_0.name,
        pv1_0.product_id,
        pv1_0.sku,
        pv1_0.updated_at 
    from
        product_variants pv1_0 
    where
        pv1_0.id=?
2025-08-21T14:48:16.093-04:00 DEBUG 6916 --- [pos-backend] [           main] c.v.p.r.service.ReceivingServiceImpl     : Ligne ajoutée avec succès: ac4bbdae-43fd-42be-a9eb-5a7a668b6f53
2025-08-21T14:48:16.177-04:00 DEBUG 6916 --- [pos-backend] [           main] s.w.s.m.m.a.RequestMappingHandlerMapping : Mapped to com.votreentreprise.pos.receiving.web.ReceivingController#finalizeReceipt(UUID, String)
2025-08-21T14:48:16.178-04:00 DEBUG 6916 --- [pos-backend] [           main] c.v.p.receiving.web.ReceivingController  : Finalisation réception - ID: f51e5ecc-b903-49a0-ac8a-02fdc29f303f, user: admin
2025-08-21T14:48:16.179-04:00 DEBUG 6916 --- [pos-backend] [           main] c.v.p.r.service.ReceivingServiceImpl     : Finalisation de la réception f51e5ecc-b903-49a0-ac8a-02fdc29f303f par admin
2025-08-21T14:48:16.180-04:00 DEBUG 6916 --- [pos-backend] [           main] c.v.p.i.service.InventoryServiceImpl     : Ajout stock - store: 550e8400-e29b-41d4-a716-446655440000, variant: 550e8400-e29b-41d4-a716-446655440010, qty: 10.000
Hibernate: 
    select
        il1_0.id,
        il1_0.average_cost,
        il1_0.created_at,
        il1_0.last_updated,
        il1_0.quantity_on_hand,
        il1_0.store_id,
        il1_0.updated_at,
        il1_0.variant_id 
    from
        inventory_levels il1_0 
    where
        il1_0.store_id=? 
        and il1_0.variant_id=?
2025-08-21T14:48:16.220-04:00 DEBUG 6916 --- [pos-backend] [           main] c.v.p.i.service.InventoryServiceImpl     : Stock ajouté - nouveau niveau: 10.000, coût moyen: 5.50
2025-08-21T14:48:16.223-04:00 DEBUG 6916 --- [pos-backend] [           main] c.v.p.r.service.ReceivingServiceImpl     : Réception finalisée avec succès: f51e5ecc-b903-49a0-ac8a-02fdc29f303f
2025-08-21T14:48:16.230-04:00 DEBUG 6916 --- [pos-backend] [           main] o.s.w.s.m.m.a.HttpEntityMethodProcessor  : Using 'application/json', given [*/*] and supported [application/json, application/*+json]
2025-08-21T14:48:16.230-04:00 DEBUG 6916 --- [pos-backend] [           main] o.s.w.s.m.m.a.HttpEntityMethodProcessor  : Writing [com.votreentreprise.pos.receiving.web.dto.GoodsReceiptDto@347573ac]
]]></system-out>
  </testcase>
  <testcase name="shouldRemoveLine" classname="com.votreentreprise.pos.web.ReceivingControllerTest" time="0.213">
    <system-out><![CDATA[2025-08-21T14:48:16.433-04:00 DEBUG 6916 --- [pos-backend] [           main] c.v.p.r.service.ReceivingServiceImpl     : Création d'une réception pour le magasin 550e8400-e29b-41d4-a716-446655440000 par admin
Hibernate: 
    select
        s1_0.id,
        s1_0.address,
        s1_0.created_at,
        s1_0.name,
        s1_0.phone,
        s1_0.updated_at 
    from
        stores s1_0 
    where
        s1_0.id=?
2025-08-21T14:48:16.508-04:00 DEBUG 6916 --- [pos-backend] [           main] c.v.p.r.service.ReceivingServiceImpl     : Ajout d'une ligne à la réception 1372f254-def3-41c9-a711-c6f019ee965e pour la variante 550e8400-e29b-41d4-a716-446655440010
Hibernate: 
    select
        pv1_0.id,
        pv1_0.barcode,
        pv1_0.created_at,
        pv1_0.is_active,
        pv1_0.name,
        pv1_0.product_id,
        pv1_0.sku,
        pv1_0.updated_at 
    from
        product_variants pv1_0 
    where
        pv1_0.id=?
2025-08-21T14:48:16.513-04:00 DEBUG 6916 --- [pos-backend] [           main] c.v.p.r.service.ReceivingServiceImpl     : Ligne ajoutée avec succès: c535f611-6fd1-4ded-a38d-46ef4ecbfd2f
2025-08-21T14:48:16.516-04:00 DEBUG 6916 --- [pos-backend] [           main] s.w.s.m.m.a.RequestMappingHandlerMapping : Mapped to com.votreentreprise.pos.receiving.web.ReceivingController#removeLine(UUID, UUID)
2025-08-21T14:48:16.523-04:00 DEBUG 6916 --- [pos-backend] [           main] c.v.p.receiving.web.ReceivingController  : Suppression ligne - receipt: 1372f254-def3-41c9-a711-c6f019ee965e, line: c535f611-6fd1-4ded-a38d-46ef4ecbfd2f
2025-08-21T14:48:16.526-04:00 DEBUG 6916 --- [pos-backend] [           main] c.v.p.r.service.ReceivingServiceImpl     : Suppression de la ligne c535f611-6fd1-4ded-a38d-46ef4ecbfd2f de la réception 1372f254-def3-41c9-a711-c6f019ee965e
2025-08-21T14:48:16.540-04:00 DEBUG 6916 --- [pos-backend] [           main] c.v.p.r.service.ReceivingServiceImpl     : Ligne supprimée avec succès: c535f611-6fd1-4ded-a38d-46ef4ecbfd2f
2025-08-21T14:48:16.609-04:00 DEBUG 6916 --- [pos-backend] [           main] o.s.w.s.m.m.a.HttpEntityMethodProcessor  : Using 'application/json', given [*/*] and supported [application/json, application/*+json]
2025-08-21T14:48:16.610-04:00 DEBUG 6916 --- [pos-backend] [           main] o.s.w.s.m.m.a.HttpEntityMethodProcessor  : Nothing to write: null body
]]></system-out>
  </testcase>
  <testcase name="shouldGetReceipt" classname="com.votreentreprise.pos.web.ReceivingControllerTest" time="0.037">
    <system-out><![CDATA[2025-08-21T14:48:16.669-04:00 DEBUG 6916 --- [pos-backend] [           main] c.v.p.r.service.ReceivingServiceImpl     : Création d'une réception pour le magasin 550e8400-e29b-41d4-a716-446655440000 par admin
Hibernate: 
    select
        s1_0.id,
        s1_0.address,
        s1_0.created_at,
        s1_0.name,
        s1_0.phone,
        s1_0.updated_at 
    from
        stores s1_0 
    where
        s1_0.id=?
2025-08-21T14:48:16.684-04:00 DEBUG 6916 --- [pos-backend] [           main] s.w.s.m.m.a.RequestMappingHandlerMapping : Mapped to com.votreentreprise.pos.receiving.web.ReceivingController#getReceipt(UUID)
2025-08-21T14:48:16.690-04:00 DEBUG 6916 --- [pos-backend] [           main] o.s.w.s.m.m.a.HttpEntityMethodProcessor  : Using 'application/json', given [*/*] and supported [application/json, application/*+json]
2025-08-21T14:48:16.691-04:00 DEBUG 6916 --- [pos-backend] [           main] o.s.w.s.m.m.a.HttpEntityMethodProcessor  : Writing [com.votreentreprise.pos.receiving.web.dto.GoodsReceiptDto@1b65076]
]]></system-out>
  </testcase>
  <testcase name="shouldCreateReceipt" classname="com.votreentreprise.pos.web.ReceivingControllerTest" time="0.117">
    <system-out><![CDATA[2025-08-21T14:48:16.710-04:00 DEBUG 6916 --- [pos-backend] [           main] s.w.s.m.m.a.RequestMappingHandlerMapping : Mapped to com.votreentreprise.pos.receiving.web.ReceivingController#createReceipt(UUID, String, String)
2025-08-21T14:48:16.713-04:00 DEBUG 6916 --- [pos-backend] [           main] c.v.p.receiving.web.ReceivingController  : Création réception - store: 550e8400-e29b-41d4-a716-446655440000, user: admin
2025-08-21T14:48:16.714-04:00 DEBUG 6916 --- [pos-backend] [           main] c.v.p.r.service.ReceivingServiceImpl     : Création d'une réception pour le magasin 550e8400-e29b-41d4-a716-446655440000 par admin
Hibernate: 
    select
        s1_0.id,
        s1_0.address,
        s1_0.created_at,
        s1_0.name,
        s1_0.phone,
        s1_0.updated_at 
    from
        stores s1_0 
    where
        s1_0.id=?
2025-08-21T14:48:16.801-04:00 DEBUG 6916 --- [pos-backend] [           main] o.s.w.s.m.m.a.HttpEntityMethodProcessor  : Using 'application/json', given [*/*] and supported [application/json, application/*+json]
2025-08-21T14:48:16.803-04:00 DEBUG 6916 --- [pos-backend] [           main] o.s.w.s.m.m.a.HttpEntityMethodProcessor  : Writing [com.votreentreprise.pos.receiving.web.dto.GoodsReceiptDto@6430c591]
]]></system-out>
  </testcase>
</testsuite>