<?xml version="1.0" encoding="UTF-8"?>
<testsuite xmlns:xsi="http://www.w3.org/2001/XMLSchema-instance" xsi:noNamespaceSchemaLocation="https://maven.apache.org/surefire/maven-surefire-plugin/xsd/surefire-test-report-3.0.xsd" version="3.0" name="com.votreentreprise.pos.PosApplicationTests" time="19.729" tests="2" errors="0" skipped="0" failures="1">
  <properties>
[...]
</properties>
  <testcase name="contextLoads" classname="com.votreentreprise.pos.PosApplicationTests" time="1.174">
    <system-out><![CDATA[10:01:24.347 [main] INFO org.springframework.test.context.support.AnnotationConfigContextLoaderUtils -- Could not detect default configuration classes for test class [com.votreentreprise.pos.PosApplicationTests]: PosApplicationTests does not declare any static, non-private, non-final, nested classes annotated with @Configuration.
10:01:24.623 [main] INFO org.springframework.boot.test.context.SpringBootTestContextBootstrapper -- Found @SpringBootConfiguration com.votreentreprise.pos.PosApplication for test class com.votreentreprise.pos.PosApplicationTests

  .   ____          _            __ _ _
 /\\ / ___'_ __ _ _(_)_ __  __ _ \ \ \ \
( ( )\___ | '_ | '_| | '_ \/ _` | \ \ \ \
 \\/  ___)| |_)| | | | | || (_| |  ) ) ) )
  '  |____| .__|_| |_|_| |_\__, | / / / /
 =========|_|==============|___/=/_/_/_/
 :: Spring Boot ::                (v3.2.0)

2025-08-20T10:01:26.127-04:00  INFO 18860 --- [pos-backend] [           main] c.v.pos.PosApplicationTests              : Starting PosApplicationTests using Java 21.0.7 with PID 18860 (started by kenfa in C:\Users\kenfa\Documents\Projets\Comptab)
2025-08-20T10:01:26.128-04:00 DEBUG 18860 --- [pos-backend] [           main] c.v.pos.PosApplicationTests              : Running with Spring Boot v3.2.0, Spring v6.1.1
2025-08-20T10:01:26.129-04:00  INFO 18860 --- [pos-backend] [           main] c.v.pos.PosApplicationTests              : The following 1 profile is active: "test"
2025-08-20T10:01:26.223-04:00 DEBUG 18860 --- [pos-backend] [           main] o.s.w.c.s.GenericWebApplicationContext   : Refreshing org.springframework.web.context.support.GenericWebApplicationContext@22d6cac2
2025-08-20T10:01:29.294-04:00  INFO 18860 --- [pos-backend] [           main] .s.d.r.c.RepositoryConfigurationDelegate : Bootstrapping Spring Data JPA repositories in DEFAULT mode.
2025-08-20T10:01:29.499-04:00  INFO 18860 --- [pos-backend] [           main] .s.d.r.c.RepositoryConfigurationDelegate : Finished Spring Data repository scanning in 168 ms. Found 7 JPA repository interfaces.
2025-08-20T10:01:31.540-04:00  INFO 18860 --- [pos-backend] [           main] o.hibernate.jpa.internal.util.LogHelper  : HHH000204: Processing PersistenceUnitInfo [name: default]
2025-08-20T10:01:31.694-04:00  INFO 18860 --- [pos-backend] [           main] org.hibernate.Version                    : HHH000412: Hibernate ORM core version 6.3.1.Final
2025-08-20T10:01:31.861-04:00  INFO 18860 --- [pos-backend] [           main] o.h.c.internal.RegionFactoryInitiator    : HHH000026: Second-level cache disabled
2025-08-20T10:01:32.682-04:00  INFO 18860 --- [pos-backend] [           main] o.s.o.j.p.SpringPersistenceUnitInfo      : No LoadTimeWeaver setup: ignoring JPA class transformer
2025-08-20T10:01:32.777-04:00  INFO 18860 --- [pos-backend] [           main] com.zaxxer.hikari.HikariDataSource       : HikariPool-1 - Starting...
2025-08-20T10:01:33.160-04:00  INFO 18860 --- [pos-backend] [           main] com.zaxxer.hikari.pool.HikariPool        : HikariPool-1 - Added connection conn0: url=jdbc:h2:mem:testdb user=SA
2025-08-20T10:01:33.162-04:00  INFO 18860 --- [pos-backend] [           main] com.zaxxer.hikari.HikariDataSource       : HikariPool-1 - Start completed.
2025-08-20T10:01:33.208-04:00  WARN 18860 --- [pos-backend] [           main] org.hibernate.orm.deprecation            : HHH90000025: H2Dialect does not need to be specified explicitly using 'hibernate.dialect' (remove the property setting and it will be selected by default)
2025-08-20T10:01:35.682-04:00  INFO 18860 --- [pos-backend] [           main] o.h.e.t.j.p.i.JtaPlatformInitiator       : HHH000489: No JTA platform available (set 'hibernate.transaction.jta.platform' to enable JTA platform integration)
Hibernate: 
    drop table if exists goods_receipt_lines cascade 
Hibernate: 
    drop table if exists goods_receipts cascade 
Hibernate: 
    drop table if exists inventory_levels cascade 
Hibernate: 
    drop table if exists inventory_transactions cascade 
Hibernate: 
    drop table if exists product_variants cascade 
Hibernate: 
    drop table if exists products cascade 
Hibernate: 
    drop table if exists stores cascade 
Hibernate: 
    create table goods_receipt_lines (
        expiry_date date,
        line_number integer not null,
        line_total numeric(38,2),
        quantity_received numeric(38,2),
        unit_cost_effective numeric(38,2),
        created_at timestamp(6) not null,
        updated_at timestamp(6),
        id uuid not null,
        receipt_id uuid not null,
        variant_id uuid not null,
        batch_number varchar(255),
        notes TEXT,
        primary key (id),
        unique (receipt_id, line_number)
    )
Hibernate: 
    create table goods_receipts (
        total_cost numeric(38,2),
        created_at timestamp(6) not null,
        received_at timestamp(6) not null,
        updated_at timestamp(6),
        id uuid not null,
        store_id uuid not null,
        created_by varchar(255),
        notes TEXT,
        reference varchar(255),
        source_offline_id varchar(255),
        status varchar(255) not null check (status in ('DRAFT','RECEIVED','CANCELLED')),
        supplier_name varchar(255),
        supplier_reference varchar(255),
        primary key (id)
    )
Hibernate: 
    create table inventory_levels (
        average_cost numeric(38,2),
        quantity_on_hand numeric(38,2),
        created_at timestamp(6) not null,
        last_updated timestamp(6) not null,
        updated_at timestamp(6),
        id uuid not null,
        store_id uuid not null,
        variant_id uuid not null,
        primary key (id),
        unique (store_id, variant_id)
    )
Hibernate: 
    create table inventory_transactions (
        quantity numeric(38,2),
        unit_cost numeric(38,2),
        created_at timestamp(6) not null,
        occurred_at timestamp(6) not null,
        updated_at timestamp(6),
        id uuid not null,
        store_id uuid not null,
        variant_id uuid not null,
        created_by varchar(255),
        notes TEXT,
        reference_id varchar(255),
        reference_type varchar(255),
        source_offline_id varchar(255),
        transaction_type varchar(255) not null check (transaction_type in ('SALE','REFUND','PURCHASE','ADJUSTMENT','WASTE')),
        primary key (id)
    )
Hibernate: 
    create table product_variants (
        is_active boolean not null,
        created_at timestamp(6) not null,
        updated_at timestamp(6),
        id uuid not null,
        product_id uuid not null,
        barcode varchar(255),
        name varchar(255) not null,
        sku varchar(255) unique,
        primary key (id)
    )
Hibernate: 
    create table products (
        is_active boolean not null,
        created_at timestamp(6) not null,
        updated_at timestamp(6),
        id uuid not null,
        store_id uuid not null,
        category varchar(255),
        description TEXT,
        name varchar(255) not null,
        primary key (id)
    )
Hibernate: 
    create table stores (
        created_at timestamp(6) not null,
        updated_at timestamp(6),
        id uuid not null,
        address varchar(255),
        name varchar(255) not null,
        phone varchar(255),
        primary key (id)
    )
Hibernate: 
    alter table if exists goods_receipt_lines 
       add constraint FKs1kmnj7m2goma9foyhui1uapi 
       foreign key (receipt_id) 
       references goods_receipts
Hibernate: 
    alter table if exists goods_receipt_lines 
       add constraint FKc8demrvjicm3pv299b8a3ylxp 
       foreign key (variant_id) 
       references product_variants
Hibernate: 
    alter table if exists goods_receipts 
       add constraint FKaf0s3qvdaiqrd082w43hs9ioo 
       foreign key (store_id) 
       references stores
Hibernate: 
    alter table if exists inventory_levels 
       add constraint FKdy6bk1kwth1fp6rnk2ff1xbkc 
       foreign key (store_id) 
       references stores
Hibernate: 
    alter table if exists inventory_levels 
       add constraint FKcqj7w9i7gb644idgofhjk6odg 
       foreign key (variant_id) 
       references product_variants
Hibernate: 
    alter table if exists inventory_transactions 
       add constraint FK97pxe4mg2twa10uunk6c0l34e 
       foreign key (store_id) 
       references stores
Hibernate: 
    alter table if exists inventory_transactions 
       add constraint FKw2ymau4bkb32bmypse7kgw70 
       foreign key (variant_id) 
       references product_variants
Hibernate: 
    alter table if exists product_variants 
       add constraint FKosqitn4s405cynmhb87lkvuau 
       foreign key (product_id) 
       references products
Hibernate: 
    alter table if exists products 
       add constraint FKgcyffheofvmy2x5l78xam63mc 
       foreign key (store_id) 
       references stores
2025-08-20T10:01:35.841-04:00  INFO 18860 --- [pos-backend] [           main] j.LocalContainerEntityManagerFactoryBean : Initialized JPA EntityManagerFactory for persistence unit 'default'
2025-08-20T10:01:36.686-04:00  INFO 18860 --- [pos-backend] [           main] o.s.d.j.r.query.QueryEnhancerFactory     : Hibernate is in classpath; If applicable, HQL parser will be used.
2025-08-20T10:01:39.690-04:00  WARN 18860 --- [pos-backend] [           main] JpaBaseConfiguration$JpaWebConfiguration : spring.jpa.open-in-view is enabled by default. Therefore, database queries may be performed during view rendering. Explicitly configure spring.jpa.open-in-view to disable this warning
2025-08-20T10:01:39.810-04:00  WARN 18860 --- [pos-backend] [           main] .s.s.UserDetailsServiceAutoConfiguration : 

Using generated security password: 888f3446-915a-4453-aacc-b4a3faa87955

This generated password is for development use only. Your security configuration must be updated before running your application in production.

2025-08-20T10:01:40.248-04:00 DEBUG 18860 --- [pos-backend] [           main] s.w.s.m.m.a.RequestMappingHandlerMapping : 10 mappings in 'requestMappingHandlerMapping'
2025-08-20T10:01:40.725-04:00 DEBUG 18860 --- [pos-backend] [           main] o.s.w.s.handler.SimpleUrlHandlerMapping  : Patterns [/webjars/**, /**] in 'resourceHandlerMapping'
2025-08-20T10:01:40.843-04:00  INFO 18860 --- [pos-backend] [           main] o.s.s.web.DefaultSecurityFilterChain     : Will secure any request with [org.springframework.security.web.session.DisableEncodeUrlFilter@6b3b9a19, org.springframework.security.web.context.request.async.WebAsyncManagerIntegrationFilter@29b23bc4, org.springframework.security.web.context.SecurityContextHolderFilter@7b74883, org.springframework.security.web.header.HeaderWriterFilter@1a5d0d94, org.springframework.web.filter.CorsFilter@6333ac03, org.springframework.security.web.authentication.logout.LogoutFilter@7f210da5, org.springframework.security.web.authentication.www.BasicAuthenticationFilter@6eb58fdd, org.springframework.security.web.savedrequest.RequestCacheAwareFilter@31b70b2a, org.springframework.security.web.servletapi.SecurityContextHolderAwareRequestFilter@513babf3, org.springframework.security.web.authentication.AnonymousAuthenticationFilter@701dc5ad, org.springframework.security.web.access.ExceptionTranslationFilter@1989e9ec, org.springframework.security.web.access.intercept.AuthorizationFilter@5c98fe31]
2025-08-20T10:01:41.476-04:00 DEBUG 18860 --- [pos-backend] [           main] s.w.s.m.m.a.RequestMappingHandlerAdapter : ControllerAdvice beans: 0 @ModelAttribute, 0 @InitBinder, 1 RequestBodyAdvice, 1 ResponseBodyAdvice
2025-08-20T10:01:41.608-04:00 DEBUG 18860 --- [pos-backend] [           main] .m.m.a.ExceptionHandlerExceptionResolver : ControllerAdvice beans: 0 @ExceptionHandler, 1 ResponseBodyAdvice
2025-08-20T10:01:42.145-04:00  INFO 18860 --- [pos-backend] [           main] c.v.pos.PosApplicationTests              : Started PosApplicationTests in 17.021 seconds (process running for 19.632)
]]></system-out>
    <system-err><![CDATA[WARNING: A Java agent has been loaded dynamically (C:\Users\kenfa\.m2\repository\net\bytebuddy\byte-buddy-agent\1.14.10\byte-buddy-agent-1.14.10.jar)
WARNING: If a serviceability tool is in use, please run with -XX:+EnableDynamicAgentLoading to hide this warning
WARNING: If a serviceability tool is not in use, please run with -Djdk.instrument.traceUsage for more information
WARNING: Dynamic loading of agents will be disallowed by default in a future release
]]></system-err>
  </testcase>
  <testcase name="shouldLoadTestData" classname="com.votreentreprise.pos.PosApplicationTests" time="0.206">
    <failure message="&#10;Expecting actual:&#10;  0L&#10;to be greater than:&#10;  0L&#10;" type="java.lang.AssertionError"><![CDATA[java.lang.AssertionError: 

Expecting actual:
  0L
to be greater than:
  0L

	at com.votreentreprise.pos.PosApplicationTests.shouldLoadTestData(PosApplicationTests.java:57)
	at java.base/java.lang.reflect.Method.invoke(Method.java:580)
	at java.base/java.util.ArrayList.forEach(ArrayList.java:1596)
	at java.base/java.util.ArrayList.forEach(ArrayList.java:1596)
]]></failure>
    <system-out><![CDATA[Hibernate: 
    select
        count(*) 
    from
        stores s1_0
]]></system-out>
  </testcase>
</testsuite>